<?xml version="1.0" encoding="UTF-8"?>
<testsuite xmlns:xsi="http://www.w3.org/2001/XMLSchema-instance" xsi:noNamespaceSchemaLocation="https://maven.apache.org/surefire/maven-surefire-plugin/xsd/surefire-test-report-3.0.xsd" version="3.0" name="cz.pumpitup.pn5.starterkit.CompareTimeTest" time="38.091" tests="1" errors="1" skipped="0" failures="0">
  <properties>
[...]
</properties>
  <testcase name="compareTimes(Firefox,HttpClient)" classname="cz.pumpitup.pn5.starterkit.CompareTimeTest" time="38.082">
    <error type="org.openqa.selenium.NoSuchElementException"><![CDATA[org.openqa.selenium.NoSuchElementException: 
Unable to locate element: //div[@id='qc-cmp2-ui']//button[@mode='primary']
For documentation on this error, please visit: https://selenium.dev/exceptions/#no_such_element
Build info: version: '4.1.0', revision: '87802e897b'
System info: host: 'DESKTOP-PIVJ1NI', ip: '192.168.0.234', os.name: 'Windows 10', os.arch: 'amd64', os.version: '10.0', java.version: '18.0.1.1'
Driver info: org.openqa.selenium.remote.RemoteWebDriver
Command: [3b4948ea-f062-44b9-ae6a-4a61813ccc45, findElement {using=xpath, value=//div[@id='qc-cmp2-ui']//button[@mode='primary']}]
Capabilities {acceptInsecureCerts: false, browserName: firefox, browserVersion: 97.0, javascriptEnabled: true, moz:accessibilityChecks: false, moz:buildID: 20220202182137, moz:geckodriverVersion: 0.29.1, moz:headless: false, moz:processID: 104, moz:profile: /tmp/rust_mozprofileYhpjQ3, moz:shutdownTimeout: 60000, moz:useNonSpecCompliantPointerOrigin: false, moz:webdriverClick: true, pageLoadStrategy: normal, platform: LINUX, platformName: LINUX, platformVersion: 5.10.16.3-microsoft-standar..., proxy: Proxy(), setWindowRect: true, strictFileInteractability: false, timeouts: {implicit: 0, pageLoad: 300000, script: 30000}, unhandledPromptBehavior: dismiss and notify}
Session ID: 3b4948ea-f062-44b9-ae6a-4a61813ccc45
	at cz.pumpitup.pn5.starterkit.CompareTimeTest.compareTimes(CompareTimeTest.java:15)
]]></error>
    <system-out><![CDATA[&amp#27;[1;30m07-16 10:04:49.278&amp#27;[0;39m &amp#27;[34mINFO &amp#27;[0;39m &amp#27;[33mPumpoEvents       &amp#27;[0;39m Creating proxy for driver of type WebApplication on url: http://127.0.0.1:4444/wd/hub
&amp#27;[1;30m07-16 10:04:49.289&amp#27;[0;39m &amp#27;[34mINFO &amp#27;[0;39m &amp#27;[33mPumpoEvents       &amp#27;[0;39m Session management AUTO, starting session for WebApplication
&amp#27;[1;30m07-16 10:04:53.196&amp#27;[0;39m &amp#27;[34mINFO &amp#27;[0;39m &amp#27;[33mPumpoEvents       &amp#27;[0;39m Session 3b4948ea-f062-44b9-ae6a-4a61813ccc45 created for WebApplication
&amp#27;[1;30m07-16 10:04:53.202&amp#27;[0;39m &amp#27;[34mINFO &amp#27;[0;39m &amp#27;[33mPumpoEvents       &amp#27;[0;39m Creating proxy for driver of type HttpApplication on url: http://127.0.0.1:4444/wd/hub
&amp#27;[1;30m07-16 10:04:53.296&amp#27;[0;39m &amp#27;[34mINFO &amp#27;[0;39m &amp#27;[33mPumpoEvents       &amp#27;[0;39m Session management AUTO, starting session for HttpApplication
&amp#27;[1;30m07-16 10:04:55.097&amp#27;[0;39m &amp#27;[34mINFO &amp#27;[0;39m &amp#27;[33mPumpoEvents       &amp#27;[0;39m Session 72987ee0-4995-425e-b127-3fd665fb73f6 created for HttpApplication
&amp#27;[1;30m07-16 10:04:55.107&amp#27;[0;39m &amp#27;[39mDEBUG&amp#27;[0;39m &amp#27;[33mPageProxyFactory  &amp#27;[0;39m TimeIsPage > @Navigate to https://time.is/
&amp#27;[1;30m07-16 10:04:57.068&amp#27;[0;39m &amp#27;[39mDEBUG&amp#27;[0;39m &amp#27;[33mProxyFactory      &amp#27;[0;39m TimeIsPage > @Wait for //div[@id='qc-cmp2-ui']//button[@mode='primary'] by XPATH with timeout 30s
&amp#27;[1;30m07-16 10:05:27.199&amp#27;[0;39m &amp#27;[34mINFO &amp#27;[0;39m &amp#27;[33mFileHelper        &amp#27;[0;39m Creating folder: C:\PumpoProject\pumpo-starter-kit\target\reports
]]></system-out>
  </testcase>
</testsuite>